<?xml version="1.0" encoding="UTF-8"?>
<!-- Generated by org.testng.reporters.JUnitReportReporter -->
<testsuite hostname="ChandankarHP" failures="0" tests="1" name="config.Properties.propertiesfile" time="0.006" errors="0" timestamp="2024-01-10T09:52:49 GMT" skipped="0">
  <testcase classname="config.Properties.propertiesfile" name="propertyfile" time="0.006"/>
</testsuite> <!-- config.Properties.propertiesfile -->
