<?xml version="1.0" encoding="UTF-8"?>
<!-- Generated by org.testng.reporters.JUnitReportReporter -->
<testsuite hostname="ChandankarHP" failures="0" tests="1" name="com.Provider.TestCases.Qualification" time="68.006" errors="0" timestamp="2024-01-10T21:10:40 GMT" skipped="0">
  <testcase classname="com.Provider.TestCases.Qualification" name="providerqualification" time="68.006"/>
</testsuite> <!-- com.Provider.TestCases.Qualification -->
