<?xml version="1.0" encoding="UTF-8"?>
<!-- Generated by org.testng.reporters.JUnitReportReporter -->
<testsuite hostname="ChandankarHP" failures="0" tests="1" name="Base.baseMethods" time="0.008" errors="0" timestamp="2024-01-09T21:53:26 GMT" skipped="0">
  <testcase classname="Base.baseMethods" name="browserselect" time="0.008"/>
</testsuite> <!-- Base.baseMethods -->
