<?xml version="1.0" encoding="UTF-8"?>
<!-- Generated by org.testng.reporters.JUnitReportReporter -->
<testsuite hostname="ChandankarHP" failures="0" tests="1" name="com.Provider.TestCases.provider_Login" time="35.984" errors="0" timestamp="2024-01-16T20:31:17 GMT" skipped="0">
  <testcase classname="com.Provider.TestCases.provider_Login" name="LoginSuccessful_Dashboard" time="35.984"/>
</testsuite> <!-- com.Provider.TestCases.provider_Login -->
