<?xml version="1.0" encoding="UTF-8"?>
<!-- Generated by org.testng.reporters.JUnitReportReporter -->
<testsuite hostname="ChandankarHP" failures="0" tests="1" name="com.Patient.TestCases.PatientLogin" time="32.933" errors="0" timestamp="2024-01-10T10:07:55 GMT" skipped="0">
  <testcase classname="com.Patient.TestCases.PatientLogin" name="loginwithPatientCredentials" time="32.933"/>
</testsuite> <!-- com.Patient.TestCases.PatientLogin -->
