<?xml version="1.0" encoding="UTF-8"?>
<!-- Generated by org.testng.reporters.JUnitReportReporter -->
<testsuite hostname="ChandankarHP" failures="0" tests="1" name="com.Provider.TestCases.ProviderLogin" time="33.905" errors="0" timestamp="2024-01-10T17:15:31 GMT" skipped="0">
  <testcase classname="com.Provider.TestCases.ProviderLogin" name="loginwithProviderCredentials" time="33.905"/>
</testsuite> <!-- com.Provider.TestCases.ProviderLogin -->
