<?xml version="1.0" encoding="UTF-8"?>
<!-- Generated by org.testng.reporters.JUnitReportReporter -->
<testsuite hostname="ChandankarHP" failures="0" tests="1" name="com.Provider.TestCases.Provider_Dashboard" time="36.910" errors="0" timestamp="2024-01-17T12:28:44 GMT" skipped="0">
  <testcase classname="com.Provider.TestCases.Provider_Dashboard" name="provider_profileDetails" time="36.910"/>
</testsuite> <!-- com.Provider.TestCases.Provider_Dashboard -->
